<?xml version="1.0" encoding="UTF-8"?>
<testng-results ignored="0" total="1" passed="1" failed="0" skipped="0">
  <reporter-output>
    <line>
      <![CDATA[Hello]]>
    </line>
  </reporter-output>
  <suite started-at="2026-05-03T11:12:53 IST" name="Default suite" finished-at="2026-05-03T11:12:54 IST" duration-ms="119">
    <groups>
      <group name="smoke">
        <method signature="Demo1Test.Mangotest()[pri:0, instance:demo.Demo1Test@223d2c72]" name="Mangotest" class="demo.Demo1Test"/>
      </group> <!-- smoke -->
    </groups>
    <test started-at="2026-05-03T11:12:53 IST" name="Default test" finished-at="2026-05-03T11:12:54 IST" duration-ms="119">
      <class name="demo.Demo1Test">
        <test-method signature="Mangotest()[pri:0, instance:demo.Demo1Test@223d2c72]" started-at="2026-05-03T11:12:53 IST" name="Mangotest" finished-at="2026-05-03T11:12:53 IST" duration-ms="17" status="PASS">
          <reporter-output>
            <line>
              <![CDATA[Hello]]>
            </line>
          </reporter-output>
        </test-method> <!-- Mangotest -->
      </class> <!-- demo.Demo1Test -->
    </test> <!-- Default test -->
  </suite> <!-- Default suite -->
</testng-results>
