<?xml version="1.0" encoding="UTF-8"?>
<!-- Generated by org.testng.reporters.JUnitReportReporter -->
<testsuite hostname="DESKTOP-0OST9VG" failures="0" tests="1" name="demo.DemoTest" time="0.017" errors="0" timestamp="2026-05-03T09:24:13 IST" skipped="0">
  <testcase classname="demo.DemoTest" name="test" time="0.017">
    <system-out>
      <![CDATA[test]]>
    </system-out>
  </testcase> <!-- test -->
  <system-out>
    <![CDATA[test]]>
  </system-out>
</testsuite> <!-- demo.DemoTest -->
