<?xml version="1.0" encoding="UTF-8"?>
<!-- Generated by org.testng.reporters.JUnitReportReporter -->
<testsuite hostname="DESKTOP-0OST9VG" failures="0" tests="1" name="demo.Demo1Test" time="0.017" errors="0" timestamp="2026-05-03T11:12:54 IST" skipped="0">
  <testcase classname="demo.Demo1Test" name="Mangotest" time="0.017">
    <system-out>
      <![CDATA[Hello]]>
    </system-out>
  </testcase> <!-- Mangotest -->
  <system-out>
    <![CDATA[Hello]]>
  </system-out>
</testsuite> <!-- demo.Demo1Test -->
